<?xml version="1.0" encoding="UTF-8" ?>
<testsuite tests="5" failures="0" name="SimpleDateTest" time="0.031" errors="0" skipped="0">
  <properties>
[...]
</properties>
  <testcase classname="SimpleDateTest" name="equalsFalseIfYearDifferent" time="0.027"/>
  <testcase classname="SimpleDateTest" name="equalsTrueIfDateIsSame" time="0"/>
  <testcase classname="SimpleDateTest" name="equalsFalseIfDayDifferent" time="0"/>
  <testcase classname="SimpleDateTest" name="hasMethodEquals" time="0.003"/>
  <testcase classname="SimpleDateTest" name="equalsFalseIfMonthDifferent" time="0.001"/>
</testsuite>